Do 18 Feb 2021 22:23:41 CET:
Do 18 Feb 2021 22:23:56 CET: change audio
--- start
Do 18 Feb 2021 22:23:56 CET: wait for 5 seconds
Do 18 Feb 2021 22:24:01 CET: Set default sink
Do 18 Feb 2021 22:24:07 CET: START autoplay
Do 18 Feb 2021 22:24:07 CET: call play tone
Do 18 Feb 2021 22:24:07 CET: Wake up monitor
Do 18 Feb 2021 21:29:26 CET: 5 minutes
Do 18 Feb 2021 21:34:26 CET: 10 minutes
Do 18 Feb 2021 21:39:26 CET: 15 minutes
Do 18 Feb 2021 21:44:26 CET: 20 minutes
Do 18 Feb 2021 21:44:26 CET: call play tone
Do 18 Feb 2021 21:44:26 CET: Wake up monitor
Do 18 Feb 2021 21:49:45 CET: 5 minutes
Do 18 Feb 2021 21:54:45 CET: 10 minutes
Do 18 Feb 2021 21:59:45 CET: 15 minutes
Do 18 Feb 2021 22:04:45 CET: 20 minutes
Do 18 Feb 2021 22:04:45 CET: call play tone
Do 18 Feb 2021 22:04:45 CET: Wake up monitor
Do 18 Feb 2021 22:10:05 CET: 5 minutes
Do 18 Feb 2021 22:15:05 CET: 10 minutes
Do 18 Feb 2021 22:20:05 CET: 15 minutes
Do 18 Feb 2021 22:25:05 CET: 20 minutes
Do 18 Feb 2021 22:25:05 CET: call play tone
Do 18 Feb 2021 22:25:05 CET: Wake up monitor
